{"name": "Позитивный сценарий оформления заказа", "status": "broken", "statusDetails": {"message": "selenium.common.exceptions.TimeoutException: Message: Not find ('xpath', \"//input[@placeholder='* Когда привезти самокат']\")\nStacktrace:\nRemoteError@chrome://remote/content/shared/RemoteError.sys.mjs:8:8\nWebDriverError@chrome://remote/content/shared/webdriver/Errors.sys.mjs:183:5\nNoSuchElementError@chrome://remote/content/shared/webdriver/Errors.sys.mjs:395:5\nelement.find/</<@chrome://remote/content/marionette/element.sys.mjs:134:16", "trace": "driver = <selenium.webdriver.firefox.webdriver.WebDriver (session=\"94762053-3c41-43d2-9f1b-0d1fbf1b65db\")>, scroll = 2, btn = ('xpath', \"//button[contains(text(),'Статус заказа')]/preceding-sibling::*\")\n\n    @allure.title('Позитивный сценарий оформления заказа')\n    @allure.description(\n        'Проверка позитивного сценария оформления заказа и перехода после этого на главную страницу, переход по ссылке  яндекса')\n    @pytest.mark.parametrize('scroll,btn',\n                             [[2, MainPageLocators.LOCATOR_ZAKAZ_HEADER], [2500, MainPageLocators.LOCATOR_ZAKAZ_DOWN]])\n    def test_order_create(driver, scroll, btn):\n        main_page = MainPageHelper(driver)\n        main_page.go_to_site('https://qa-scooter.praktikum-services.ru/')\n        order_page = OrderPageHelpers(driver)\n        main_page.click_on_order_button(scroll, btn)\n>       order_page.fill_order_form()\n\ntests\\test_order_positive_flow.py:19: \n_ _ _ _ _ _ _ _ _ _ _ _ _ _ _ _ _ _ _ _ _ _ _ _ _ _ _ _ _ _ _ _ _ _ _ _ _ _ _ _ _ _ _ _ _ _ _ _ _ _ _ _ _ _ _ _ _ _ _ _ _ _ _ _ _ _ _ _ _ _ _ _ _ _ _ _ _ _ _ _ _ _ _ _ _ _ _ _ _ _ _ _ _ _ _ _ _ _ _ _ _ _ _ _ _ _ _ _ _ _ _ _ _ _ _ _ _ _ _ _ _ _ _ _ _ _ _ _ _ _ _ _ _ _ _ _ _ _ _ _ _ _ _ _ _ _ _ _ _ _ _ _ _ _ _ _\npages\\order_page.py:59: in fill_order_form\n    self.field_placeholder_entering(OrderPageLocators.LOCATOR_DATA_FIELD_ORDER,\npages\\order_page.py:18: in field_placeholder_entering\n    search_field = self.find_element_located(locator)\npages\\base_page.py:20: in find_element_located\n    return WebDriverWait(self.driver, time).until(EC.presence_of_element_located(locator),\n_ _ _ _ _ _ _ _ _ _ _ _ _ _ _ _ _ _ _ _ _ _ _ _ _ _ _ _ _ _ _ _ _ _ _ _ _ _ _ _ _ _ _ _ _ _ _ _ _ _ _ _ _ _ _ _ _ _ _ _ _ _ _ _ _ _ _ _ _ _ _ _ _ _ _ _ _ _ _ _ _ _ _ _ _ _ _ _ _ _ _ _ _ _ _ _ _ _ _ _ _ _ _ _ _ _ _ _ _ _ _ _ _ _ _ _ _ _ _ _ _ _ _ _ _ _ _ _ _ _ _ _ _ _ _ _ _ _ _ _ _ _ _ _ _ _ _ _ _ _ _ _ _ _ _ _\n\nself = <selenium.webdriver.support.wait.WebDriverWait (session=\"94762053-3c41-43d2-9f1b-0d1fbf1b65db\")>, method = <function presence_of_element_located.<locals>._predicate at 0x00000201F611C680>, message = 'Not find (\\'xpath\\', \"//input[@placeholder=\\'* Когда привезти самокат\\']\")'\n\n    def until(self, method, message: str = \"\"):\n        \"\"\"Calls the method provided with the driver as an argument until the \\\n        return value does not evaluate to ``False``.\n    \n        :param method: callable(WebDriver)\n        :param message: optional message for :exc:`TimeoutException`\n        :returns: the result of the last call to `method`\n        :raises: :exc:`selenium.common.exceptions.TimeoutException` if timeout occurs\n        \"\"\"\n        screen = None\n        stacktrace = None\n    \n        end_time = time.monotonic() + self._timeout\n        while True:\n            try:\n                value = method(self._driver)\n                if value:\n                    return value\n            except self._ignored_exceptions as exc:\n                screen = getattr(exc, \"screen\", None)\n                stacktrace = getattr(exc, \"stacktrace\", None)\n            time.sleep(self._poll)\n            if time.monotonic() > end_time:\n                break\n>       raise TimeoutException(message, screen, stacktrace)\nE       selenium.common.exceptions.TimeoutException: Message: Not find ('xpath', \"//input[@placeholder='* Когда привезти самокат']\")\nE       Stacktrace:\nE       RemoteError@chrome://remote/content/shared/RemoteError.sys.mjs:8:8\nE       WebDriverError@chrome://remote/content/shared/webdriver/Errors.sys.mjs:183:5\nE       NoSuchElementError@chrome://remote/content/shared/webdriver/Errors.sys.mjs:395:5\nE       element.find/</<@chrome://remote/content/marionette/element.sys.mjs:134:16\n\n..\\..\\AppData\\Local\\Programs\\Python\\Python311\\Lib\\site-packages\\selenium\\webdriver\\support\\wait.py:95: TimeoutException"}, "description": "Проверка позитивного сценария оформления заказа и перехода после этого на главную страницу, переход по ссылке  яндекса", "steps": [{"name": "Открываем браузер Firefox", "status": "passed", "parameters": [{"name": "driver", "value": "<selenium.webdriver.firefox.webdriver.WebDriver (session=\"94762053-3c41-43d2-9f1b-0d1fbf1b65db\")>"}], "start": 1688406954724, "stop": 1688406954724}, {"name": "Открываем страницу 'https://qa-scooter.praktikum-services.ru/'", "status": "passed", "parameters": [{"name": "base_url", "value": "'https://qa-scooter.praktikum-services.ru/'"}], "start": 1688406954724, "stop": 1688406955901}, {"name": "Открываем браузер Firefox", "status": "passed", "parameters": [{"name": "driver", "value": "<selenium.webdriver.firefox.webdriver.WebDriver (session=\"94762053-3c41-43d2-9f1b-0d1fbf1b65db\")>"}], "start": 1688406955901, "stop": 1688406955901}, {"name": "Ищем элемент ('xpath', \"//button[contains(text(),'Статус заказа')]/preceding-sibling::*\")", "status": "passed", "parameters": [{"name": "locator", "value": "('xpath', \"//button[contains(text(),'Статус заказа')]/preceding-sibling::*\")"}, {"name": "time", "value": "2"}], "start": 1688406955918, "stop": 1688406955920}, {"name": "Поиска локатора и ввод в его поле значения", "status": "passed", "steps": [{"name": "Ищем элемент ('xpath', \"//input[@placeholder='* Имя']\")", "status": "passed", "parameters": [{"name": "locator", "value": "('xpath', \"//input[@placeholder='* Имя']\")"}, {"name": "time", "value": "10"}], "start": 1688406956153, "stop": 1688406956156}], "parameters": [{"name": "locator", "value": "('xpath', \"//input[@placeholder='* Имя']\")"}, {"name": "word", "value": "'Денис'"}], "start": 1688406956153, "stop": 1688406956383}, {"name": "Поиска локатора и ввод в его поле значения", "status": "passed", "steps": [{"name": "Ищем элемент ('xpath', \"//input[@placeholder='* Фамилия']\")", "status": "passed", "parameters": [{"name": "locator", "value": "('xpath', \"//input[@placeholder='* Фамилия']\")"}, {"name": "time", "value": "10"}], "start": 1688406956383, "stop": 1688406956385}], "parameters": [{"name": "locator", "value": "('xpath', \"//input[@placeholder='* Фамилия']\")"}, {"name": "word", "value": "'Абрамова'"}], "start": 1688406956383, "stop": 1688406956615}, {"name": "Поиска локатора и ввод в его поле значения", "status": "passed", "steps": [{"name": "Ищем элемент ('xpath', \"//input[@placeholder='* Адрес: куда привезти заказ']\")", "status": "passed", "parameters": [{"name": "locator", "value": "('xpath', \"//input[@placeholder='* Адрес: куда привезти заказ']\")"}, {"name": "time", "value": "10"}], "start": 1688406956616, "stop": 1688406956618}], "parameters": [{"name": "locator", "value": "('xpath', \"//input[@placeholder='* Адрес: куда привезти заказ']\")"}, {"name": "word", "value": "'алл. Журавлева, д. 5/5 стр. 94'"}], "start": 1688406956615, "stop": 1688406956861}, {"name": "Поиска локатора и выбор в выпадающем списке значения", "status": "passed", "steps": [{"name": "Ищем элемент ('xpath', \"//input[@placeholder='* Станция метро']\")", "status": "passed", "parameters": [{"name": "locator", "value": "('xpath', \"//input[@placeholder='* Станция метро']\")"}, {"name": "time", "value": "10"}], "start": 1688406956862, "stop": 1688406956863}, {"name": "Ищем элемент ('xpath', \"//div[contains(text(),'Сокольники')]\")", "status": "passed", "parameters": [{"name": "locator", "value": "('xpath', \"//div[contains(text(),'Сокольники')]\")"}, {"name": "time", "value": "10"}], "start": 1688406957110, "stop": 1688406957112}], "parameters": [{"name": "locator", "value": "('xpath', \"//input[@placeholder='* Станция метро']\")"}, {"name": "field", "value": "('xpath', \"//div[contains(text(),'Сокольники')]\")"}], "start": 1688406956862, "stop": 1688406957822}, {"name": "Поиска локатора и ввод в его поле значения", "status": "passed", "steps": [{"name": "Ищем элемент ('xpath', \"//input[@placeholder='* Телефон: на него позвонит курьер']\")", "status": "passed", "parameters": [{"name": "locator", "value": "('xpath', \"//input[@placeholder='* Телефон: на него позвонит курьер']\")"}, {"name": "time", "value": "10"}], "start": 1688406957822, "stop": 1688406957824}], "parameters": [{"name": "locator", "value": "('xpath', \"//input[@placeholder='* Телефон: на него позвонит курьер']\")"}, {"name": "word", "value": "'+75835241973'"}], "start": 1688406957822, "stop": 1688406958053}, {"name": "Нажатие на кнопку \"Далее\" при оформлении заказа", "status": "passed", "steps": [{"name": "Ищем элемент ('xpath', \"//button[contains(text(),'Далее')]\")", "status": "passed", "parameters": [{"name": "locator", "value": "('xpath', \"//button[contains(text(),'Далее')]\")"}, {"name": "time", "value": "2"}], "start": 1688406958054, "stop": 1688406958056}], "start": 1688406958053, "stop": 1688406958274}, {"name": "Поиска локатора и выбор в выпадающем списке значения", "status": "broken", "statusDetails": {"message": "selenium.common.exceptions.TimeoutException: Message: Not find ('xpath', \"//input[@placeholder='* Когда привезти самокат']\")\nStacktrace:\nRemoteError@chrome://remote/content/shared/RemoteError.sys.mjs:8:8\nWebDriverError@chrome://remote/content/shared/webdriver/Errors.sys.mjs:183:5\nNoSuchElementError@chrome://remote/content/shared/webdriver/Errors.sys.mjs:395:5\nelement.find/</<@chrome://remote/content/marionette/element.sys.mjs:134:16\n\n", "trace": "  File \"C:\\Users\\Nick L\\AppData\\Local\\Programs\\Python\\Python311\\Lib\\site-packages\\allure_commons\\_allure.py\", line 192, in impl\n    return func(*a, **kw)\n           ^^^^^^^^^^^^^^\n  File \"C:\\Users\\Nick L\\PycharmProjects\\Sprint_4\\pages\\order_page.py\", line 18, in field_placeholder_entering\n    search_field = self.find_element_located(locator)\n                   ^^^^^^^^^^^^^^^^^^^^^^^^^^^^^^^^^^\n  File \"C:\\Users\\Nick L\\AppData\\Local\\Programs\\Python\\Python311\\Lib\\site-packages\\allure_commons\\_allure.py\", line 192, in impl\n    return func(*a, **kw)\n           ^^^^^^^^^^^^^^\n  File \"C:\\Users\\Nick L\\PycharmProjects\\Sprint_4\\pages\\base_page.py\", line 20, in find_element_located\n    return WebDriverWait(self.driver, time).until(EC.presence_of_element_located(locator),\n           ^^^^^^^^^^^^^^^^^^^^^^^^^^^^^^^^^^^^^^^^^^^^^^^^^^^^^^^^^^^^^^^^^^^^^^^^^^^^^^^\n  File \"C:\\Users\\Nick L\\AppData\\Local\\Programs\\Python\\Python311\\Lib\\site-packages\\selenium\\webdriver\\support\\wait.py\", line 95, in until\n    raise TimeoutException(message, screen, stacktrace)\n"}, "steps": [{"name": "Ищем элемент ('xpath', \"//input[@placeholder='* Когда привезти самокат']\")", "status": "broken", "statusDetails": {"message": "selenium.common.exceptions.TimeoutException: Message: Not find ('xpath', \"//input[@placeholder='* Когда привезти самокат']\")\nStacktrace:\nRemoteError@chrome://remote/content/shared/RemoteError.sys.mjs:8:8\nWebDriverError@chrome://remote/content/shared/webdriver/Errors.sys.mjs:183:5\nNoSuchElementError@chrome://remote/content/shared/webdriver/Errors.sys.mjs:395:5\nelement.find/</<@chrome://remote/content/marionette/element.sys.mjs:134:16\n\n", "trace": "  File \"C:\\Users\\Nick L\\AppData\\Local\\Programs\\Python\\Python311\\Lib\\site-packages\\allure_commons\\_allure.py\", line 192, in impl\n    return func(*a, **kw)\n           ^^^^^^^^^^^^^^\n  File \"C:\\Users\\Nick L\\PycharmProjects\\Sprint_4\\pages\\base_page.py\", line 20, in find_element_located\n    return WebDriverWait(self.driver, time).until(EC.presence_of_element_located(locator),\n           ^^^^^^^^^^^^^^^^^^^^^^^^^^^^^^^^^^^^^^^^^^^^^^^^^^^^^^^^^^^^^^^^^^^^^^^^^^^^^^^\n  File \"C:\\Users\\Nick L\\AppData\\Local\\Programs\\Python\\Python311\\Lib\\site-packages\\selenium\\webdriver\\support\\wait.py\", line 95, in until\n    raise TimeoutException(message, screen, stacktrace)\n"}, "parameters": [{"name": "locator", "value": "('xpath', \"//input[@placeholder='* Когда привезти самокат']\")"}, {"name": "time", "value": "10"}], "start": 1688406958274, "stop": 1688406968335}], "parameters": [{"name": "locator", "value": "('xpath', \"//input[@placeholder='* Когда привезти самокат']\")"}, {"name": "field", "value": "('xpath', \"//div[contains(text(),'12')]\")"}], "start": 1688406958274, "stop": 1688406968344}], "parameters": [{"name": "scroll", "value": "2"}, {"name": "btn", "value": "('xpath', \"//button[contains(text(),'Статус заказа')]/preceding-sibling::*\")"}], "start": 1688406954724, "stop": 1688406968345, "uuid": "d3c6f353-bbd7-4b6b-96f6-3aa5bf1b9e69", "historyId": "446823f15e88b9ff5ebeb9960d6fba95", "testCaseId": "82ed2292707fe6049b4ad9e0568580d9", "fullName": "tests.test_order_positive_flow#test_order_create", "labels": [{"name": "parentSuite", "value": "tests"}, {"name": "suite", "value": "test_order_positive_flow"}, {"name": "host", "value": "NLMACHINE"}, {"name": "thread", "value": "20208-MainThread"}, {"name": "framework", "value": "pytest"}, {"name": "language", "value": "cpython3"}, {"name": "package", "value": "tests.test_order_positive_flow"}]}